<?xml version="1.0" encoding="UTF-8"?>
<testsuite xmlns:xsi="http://www.w3.org/2001/XMLSchema-instance" xsi:noNamespaceSchemaLocation="https://maven.apache.org/surefire/maven-surefire-plugin/xsd/surefire-test-report-3.0.xsd" version="3.0" name="ir.university.library.service.AuthServiceTest" time="0.011" tests="11" errors="0" skipped="0" failures="0">
  <properties>
[...]
</properties>
  <testcase name="testRegisterWithEmptyPassword" classname="ir.university.library.service.AuthServiceTest" time="0.001"/>
  <testcase name="testLoginWithWrongPassword" classname="ir.university.library.service.AuthServiceTest" time="0.0"/>
  <testcase name="testChangePasswordWithWrongOldPassword" classname="ir.university.library.service.AuthServiceTest" time="0.001"/>
  <testcase name="testChangePasswordSuccessfully" classname="ir.university.library.service.AuthServiceTest" time="0.001"/>
  <testcase name="testRegisterNewStudentWithUniqueUsername" classname="ir.university.library.service.AuthServiceTest" time="0.001"/>
  <testcase name="testRegisterWithDuplicateUsername" classname="ir.university.library.service.AuthServiceTest" time="0.001"/>
  <testcase name="testGetUserByUsername" classname="ir.university.library.service.AuthServiceTest" time="0.0"/>
  <testcase name="testRegisterWithNullUsername" classname="ir.university.library.service.AuthServiceTest" time="0.0"/>
  <testcase name="testLoginWithCorrectCredentials" classname="ir.university.library.service.AuthServiceTest" time="0.0"/>
  <testcase name="testRegisterWithEmptyUsername" classname="ir.university.library.service.AuthServiceTest" time="0.001"/>
  <testcase name="testLoginWithNonExistentUsername" classname="ir.university.library.service.AuthServiceTest" time="0.001"/>
</testsuite>